<?xml version="1.0" encoding="UTF-8" ?>
<testsuite failures="0" time="5.16" errors="0" skipped="0" tests="12" name="ohtu.ohtuvarasto.VarastoTest">
  <properties>
[...]
</properties>
  <testcase time="0.009" classname="ohtu.ohtuvarasto.VarastoTest" name="konstruktoriLuoTyhjanVaraston"/>
  <testcase time="0" classname="ohtu.ohtuvarasto.VarastoTest" name="konstruktoriEiNegVaraston"/>
  <testcase time="0" classname="ohtu.ohtuvarasto.VarastoTest" name="uudellaVarastollaOikeaTilavuus"/>
  <testcase time="0" classname="ohtu.ohtuvarasto.VarastoTest" name="lisaysLisaaSaldoa"/>
  <testcase time="0" classname="ohtu.ohtuvarasto.VarastoTest" name="otetaanLiikaa"/>
  <testcase time="0" classname="ohtu.ohtuvarasto.VarastoTest" name="laitetaanLiikaa"/>
  <testcase time="0" classname="ohtu.ohtuvarasto.VarastoTest" name="laitetaanNeg"/>
  <testcase time="0.001" classname="ohtu.ohtuvarasto.VarastoTest" name="otetaanNeg"/>
  <testcase time="0" classname="ohtu.ohtuvarasto.VarastoTest" name="lisaysLisaaPienentaaVapaataTilaa"/>
  <testcase time="0" classname="ohtu.ohtuvarasto.VarastoTest" name="ottaminenPalauttaaOikeanMaaran"/>
  <testcase time="0" classname="ohtu.ohtuvarasto.VarastoTest" name="ottaminenLis\u00E4\u00E4Tilaa"/>
  <testcase time="0" classname="ohtu.ohtuvarasto.VarastoTest" name="konstr"/>
</testsuite>